Start testing: Apr 28 10:00 UTC
----------------------------------------------------------
Unable to find executable: tests_NOT_BUILT
1/1 Testing: tests_NOT_BUILT
1/1 Test: tests_NOT_BUILT
Command: ""
Directory: /workspaces/learn-git/build
"tests_NOT_BUILT" start time: 
Output:
----------------------------------------------------------
<end of output>
Test time =   0.00 sec
----------------------------------------------------------
Test Passed.
"tests_NOT_BUILT" end time: Apr 28 10:00 UTC
"tests_NOT_BUILT" time elapsed: 00:00:00
----------------------------------------------------------

End testing: Apr 28 10:00 UTC
